{"level":"info","message":"Top 15 deposits fetched","timestamp":"2024-09-10T13:44:18.336Z"}
{"level":"info","message":"Top 15 deposits fetched","timestamp":"2024-09-10T13:45:27.115Z"}
{"level":"info","message":"Top 15 deposits fetched","timestamp":"2024-09-10T13:45:54.869Z"}
{"level":"info","message":"Top 15 deposits fetched","timestamp":"11/9/2024, 12:48:59 am"}
{"level":"info","message":"Top 15 deposits fetched","timestamp":"11/9/2024, 12:49:44 am"}
{"level":"info","message":"Top 15 deposits fetched","timestamp":"11/9/2024, 12:50:16 am"}
{"level":"info","message":"Top 15 deposits fetched","timestamp":"11/9/2024, 12:50:49 am"}
{"level":"info","message":"Top 15 deposits fetched","timestamp":"11/9/2024, 12:51:04 am"}
{"level":"info","message":"Top 15 deposits fetched","timestamp":"11/9/2024, 12:51:17 am"}
{"level":"info","message":"Top 15 deposits fetched","timestamp":"2024-09-10T13:53:11.803Z"}
{"level":"info","message":"Top 15 Deposits of page 1 fetched","timestamp":"2024-09-10T13:57:44.403Z"}
{"level":"info","message":"Top 15 Deposits of page 1 fetched","timestamp":"2024-09-10T14:08:21.005Z"}
{"level":"info","message":"Top 15 Deposits of page 1 fetched","timestamp":"2024-09-10T14:08:54.421Z"}
{"level":"info","message":"Top 15 Deposits of page 1 fetched","timestamp":"2024-09-10T14:09:46.842Z"}
{"level":"info","message":"Top 15 Deposits of page 1 fetched","timestamp":"2024-09-10T14:10:28.768Z"}
{"level":"info","message":"Top 15 Deposits of page 1 fetched","timestamp":"2024-09-10T14:13:00.635Z"}
{"level":"info","message":"Top 15 Deposits of page 1 fetched","timestamp":"2024-09-10T14:15:06.948Z"}
{"level":"info","message":"Top 15 Deposits of page 1 fetched","timestamp":"2024-09-10T14:15:54.607Z"}
{"level":"info","message":"Top 15 Deposits of page 1 fetched","timestamp":"2024-09-10T14:23:27.881Z"}
{"level":"info","message":"Top 15 Deposits of page 1 fetched","timestamp":"2024-09-10T14:40:16.085Z"}
{"level":"info","message":"Top 15 Deposits of page 1 fetched","timestamp":"2024-09-10T14:41:44.044Z"}
{"level":"info","message":"Top 15 Deposits of page 1 fetched","timestamp":"2024-09-10T14:54:35.981Z"}
{"level":"info","message":"Top 15 Deposits of page 1 fetched","timestamp":"2024-09-10T14:57:18.575Z"}
{"level":"info","message":"Top 15 Deposits of page 1 fetched","timestamp":"2024-09-10T14:57:37.314Z"}
{"level":"info","message":"Top 15 Deposits of page 1 fetched","timestamp":"2024-09-10T14:57:52.264Z"}
{"level":"info","message":"Top 15 Deposits of page 1 fetched","timestamp":"2024-09-10T15:00:07.359Z"}
{"level":"info","message":"Top 15 Deposits of page 1 fetched","timestamp":"2024-09-10T15:00:22.289Z"}
{"level":"info","message":"Top 15 Deposits of page 1 fetched","timestamp":"2024-09-10T15:00:37.852Z"}
{"level":"info","message":"Top 15 Deposits of page 1 fetched","timestamp":"2024-09-10T15:00:52.400Z"}
{"level":"info","message":"Top 15 Deposits of page 1 fetched","timestamp":"2024-09-10T15:01:07.243Z"}
{"level":"info","message":"Top 15 Deposits of page 1 fetched","timestamp":"2024-09-10T15:01:22.185Z"}
{"level":"info","message":"Top 15 Deposits of page 1 fetched","timestamp":"2024-09-10T15:01:40.423Z"}
{"level":"info","message":"Top 15 Deposits of page 1 fetched","timestamp":"2024-09-10T15:01:52.403Z"}
{"level":"info","message":"Top 15 Deposits of page 1 fetched","timestamp":"2024-09-10T15:23:53.565Z"}
{"level":"info","message":"Top 15 Deposits of page 1 fetched","timestamp":"2024-09-10T15:23:59.157Z"}
{"level":"info","message":"Top 15 Deposits of page 1 fetched","timestamp":"2024-09-10T15:26:39.120Z"}
{"level":"info","message":"Top 15 Deposits of page 1 fetched","timestamp":"2024-09-10T15:26:55.599Z"}
{"level":"info","message":"Top 15 Deposits of page 1 fetched","timestamp":"2024-09-10T15:27:20.992Z"}
{"level":"info","message":"Top 15 Deposits of page 1 fetched","timestamp":"2024-09-10T15:27:28.572Z"}
{"level":"info","message":"Top 15 Deposits of page 1 fetched","timestamp":"2024-09-10T15:27:39.428Z"}
{"level":"info","message":"Top 15 Deposits of page 1 fetched","timestamp":"2024-09-10T15:28:47.506Z"}
{"level":"info","message":"Top 15 Deposits of page 1 fetched","timestamp":"2024-09-10T15:28:49.029Z"}
{"level":"info","message":"Top 15 Deposits of page 1 fetched","timestamp":"2024-09-10T15:28:52.135Z"}
{"level":"info","message":"Top 15 Deposits of page 1 fetched","timestamp":"2024-09-10T15:28:55.105Z"}
{"level":"info","message":"Top 15 Deposits of page 1 fetched","timestamp":"2024-09-10T15:28:59.110Z"}
{"level":"info","message":"Top 15 Deposits of page 1 fetched","timestamp":"2024-09-10T15:29:00.429Z"}
{"level":"info","message":"Top 15 Deposits of page 1 fetched","timestamp":"2024-09-10T15:31:05.988Z"}
{"level":"info","message":"Top 15 Deposits of page 1 fetched","timestamp":"2024-09-10T15:31:10.234Z"}
{"level":"info","message":"Top 15 Deposits of page 1 fetched","timestamp":"2024-09-10T15:31:33.676Z"}
{"level":"info","message":"Top 15 Deposits of page 1 fetched","timestamp":"2024-09-10T15:31:40.449Z"}
{"level":"info","message":"Top 15 Deposits of page 1 fetched","timestamp":"2024-09-10T15:32:48.926Z"}
{"level":"info","message":"Top 15 Deposits of page 1 fetched","timestamp":"2024-09-10T15:33:16.272Z"}
{"level":"info","message":"Top 15 Deposits of page 1 fetched","timestamp":"2024-09-10T15:33:41.940Z"}
{"level":"info","message":"Top 15 Deposits of page 1 fetched","timestamp":"2024-09-10T15:33:56.802Z"}
{"level":"info","message":"Top 15 Deposits of page 1 fetched","timestamp":"2024-09-10T15:34:06.850Z"}
{"level":"info","message":"Top 15 Deposits of page 1 fetched","timestamp":"2024-09-10T15:34:09.385Z"}
{"level":"info","message":"Top 15 Deposits of page 1 fetched","timestamp":"2024-09-10T15:34:11.945Z"}
{"level":"info","message":"Top 15 Deposits of page 1 fetched","timestamp":"2024-09-10T15:34:21.980Z"}
{"level":"info","message":"Top 15 Deposits of page 1 fetched","timestamp":"2024-09-10T15:34:24.642Z"}
{"level":"info","message":"Top 15 Deposits of page 1 fetched","timestamp":"2024-09-10T15:34:26.896Z"}
{"level":"info","message":"Top 15 Deposits of page 1 fetched","timestamp":"2024-09-10T15:34:47.899Z"}
{"level":"info","message":"Top 15 Deposits of page 1 fetched","timestamp":"2024-09-10T15:35:02.942Z"}
{"level":"info","message":"Top 15 Deposits of page 1 fetched","timestamp":"2024-09-10T15:35:07.447Z"}
{"body":"{\"jsonrpc\":\"2.0\",\"id\":72,\"error\":{\"code\":-32604,\"message\":\"The query timed out. Either reduce your query filters or retry this query.\"}}","code":"SERVER_ERROR","error":{"code":-32604},"level":"error","message":"Error:  processing response error (body=\"{\\\"jsonrpc\\\":\\\"2.0\\\",\\\"id\\\":72,\\\"error\\\":{\\\"code\\\":-32604,\\\"message\\\":\\\"The query timed out. Either reduce your query filters or retry this query.\\\"}}\", error={\"code\":-32604}, requestBody=\"{\\\"method\\\":\\\"alchemy_getAssetTransfers\\\",\\\"params\\\":[{\\\"fromBlock\\\":\\\"0x0\\\",\\\"toBlock\\\":\\\"latest\\\",\\\"toAddress\\\":\\\"0x00000000219ab540356cBB839Cbe05303d7705Fa\\\",\\\"order\\\":\\\"desc\\\",\\\"withMetadata\\\":true,\\\"excludeZeroValue\\\":true,\\\"maxCount\\\":\\\"0x0f\\\",\\\"category\\\":[\\\"external\\\",\\\"internal\\\"]}],\\\"id\\\":72,\\\"jsonrpc\\\":\\\"2.0\\\"}\", requestMethod=\"POST\", url=\"https://eth-mainnet.g.alchemy.com/v2/YuNfPpy4MYxiHFYDc5XVnd5fphveaDfU\", code=SERVER_ERROR, version=web/5.7.1)","reason":"processing response error","requestBody":"{\"method\":\"alchemy_getAssetTransfers\",\"params\":[{\"fromBlock\":\"0x0\",\"toBlock\":\"latest\",\"toAddress\":\"0x00000000219ab540356cBB839Cbe05303d7705Fa\",\"order\":\"desc\",\"withMetadata\":true,\"excludeZeroValue\":true,\"maxCount\":\"0x0f\",\"category\":[\"external\",\"internal\"]}],\"id\":72,\"jsonrpc\":\"2.0\"}","requestMethod":"POST","stack":"Error: processing response error (body=\"{\\\"jsonrpc\\\":\\\"2.0\\\",\\\"id\\\":72,\\\"error\\\":{\\\"code\\\":-32604,\\\"message\\\":\\\"The query timed out. Either reduce your query filters or retry this query.\\\"}}\", error={\"code\":-32604}, requestBody=\"{\\\"method\\\":\\\"alchemy_getAssetTransfers\\\",\\\"params\\\":[{\\\"fromBlock\\\":\\\"0x0\\\",\\\"toBlock\\\":\\\"latest\\\",\\\"toAddress\\\":\\\"0x00000000219ab540356cBB839Cbe05303d7705Fa\\\",\\\"order\\\":\\\"desc\\\",\\\"withMetadata\\\":true,\\\"excludeZeroValue\\\":true,\\\"maxCount\\\":\\\"0x0f\\\",\\\"category\\\":[\\\"external\\\",\\\"internal\\\"]}],\\\"id\\\":72,\\\"jsonrpc\\\":\\\"2.0\\\"}\", requestMethod=\"POST\", url=\"https://eth-mainnet.g.alchemy.com/v2/YuNfPpy4MYxiHFYDc5XVnd5fphveaDfU\", code=SERVER_ERROR, version=web/5.7.1)\n    at Logger.makeError (C:\\Users\\walak\\Desktop\\Luganodes\\server\\node_modules\\@ethersproject\\logger\\lib\\index.js:238:21)\n    at Logger.throwError (C:\\Users\\walak\\Desktop\\Luganodes\\server\\node_modules\\@ethersproject\\logger\\lib\\index.js:247:20)\n    at C:\\Users\\walak\\Desktop\\Luganodes\\server\\node_modules\\@ethersproject\\web\\lib\\index.js:313:32\n    at step (C:\\Users\\walak\\Desktop\\Luganodes\\server\\node_modules\\@ethersproject\\web\\lib\\index.js:33:23)\n    at Object.next (C:\\Users\\walak\\Desktop\\Luganodes\\server\\node_modules\\@ethersproject\\web\\lib\\index.js:14:53)\n    at fulfilled (C:\\Users\\walak\\Desktop\\Luganodes\\server\\node_modules\\@ethersproject\\web\\lib\\index.js:5:58)\n    at process.processTicksAndRejections (node:internal/process/task_queues:95:5)","timestamp":"2024-09-10T15:35:14.924Z","url":"https://eth-mainnet.g.alchemy.com/v2/YuNfPpy4MYxiHFYDc5XVnd5fphveaDfU"}
{"level":"info","message":"Top 15 Deposits of page 1 fetched","timestamp":"2024-09-10T15:36:24.464Z"}
{"level":"info","message":"Top 15 Deposits of page 1 fetched","timestamp":"2024-09-10T15:36:39.203Z"}
{"level":"info","message":"Top 15 Deposits of page 1 fetched","timestamp":"2024-09-10T15:36:54.168Z"}
{"level":"info","message":"Top 15 Deposits of page 1 fetched","timestamp":"2024-09-10T15:37:09.720Z"}
{"level":"info","message":"Top 15 Deposits of page 1 fetched","timestamp":"2024-09-10T15:37:24.159Z"}
{"level":"info","message":"Top 15 Deposits of page 1 fetched","timestamp":"2024-09-10T15:37:39.517Z"}
{"level":"info","message":"Top 15 Deposits of page 1 fetched","timestamp":"2024-09-10T15:37:54.791Z"}
{"level":"info","message":"Top 15 Deposits of page 1 fetched","timestamp":"2024-09-10T15:38:09.130Z"}
{"level":"info","message":"Top 15 Deposits of page 1 fetched","timestamp":"2024-09-10T15:38:24.162Z"}
{"level":"info","message":"Top 15 Deposits of page 1 fetched","timestamp":"2024-09-10T15:38:39.528Z"}
{"level":"info","message":"Top 15 Deposits of page 1 fetched","timestamp":"2024-09-10T15:38:54.691Z"}
{"level":"info","message":"Top 15 Deposits of page 1 fetched","timestamp":"2024-09-10T15:39:09.224Z"}
{"level":"info","message":"Top 15 Deposits of page 1 fetched","timestamp":"2024-09-10T15:39:24.176Z"}
{"level":"info","message":"Top 15 Deposits of page 1 fetched","timestamp":"2024-09-10T15:39:39.229Z"}
{"level":"info","message":"Top 15 Deposits of page 1 fetched","timestamp":"2024-09-10T15:39:54.179Z"}
{"level":"info","message":"Top 15 Deposits of page 1 fetched","timestamp":"2024-09-10T15:40:10.019Z"}
{"level":"info","message":"Top 15 Deposits of page 1 fetched","timestamp":"2024-09-10T15:40:25.076Z"}
{"level":"info","message":"Top 15 Deposits of page 1 fetched","timestamp":"2024-09-10T15:40:40.357Z"}
{"level":"info","message":"Top 15 Deposits of page 1 fetched","timestamp":"2024-09-10T15:40:55.029Z"}
{"level":"info","message":"Top 15 Deposits of page 1 fetched","timestamp":"2024-09-10T15:41:09.126Z"}
{"level":"info","message":"Top 15 Deposits of page 1 fetched","timestamp":"2024-09-10T15:41:24.193Z"}
{"level":"info","message":"Top 15 Deposits of page 1 fetched","timestamp":"2024-09-10T15:41:39.418Z"}
{"level":"info","message":"Top 15 Deposits of page 1 fetched","timestamp":"2024-09-10T15:41:54.509Z"}
{"level":"info","message":"Top 15 Deposits of page 1 fetched","timestamp":"2024-09-10T15:42:09.251Z"}
{"level":"info","message":"Top 15 Deposits of page 1 fetched","timestamp":"2024-09-10T15:42:24.215Z"}
{"level":"info","message":"Top 15 Deposits of page 1 fetched","timestamp":"2024-09-10T15:42:40.076Z"}
{"level":"info","message":"Top 15 Deposits of page 1 fetched","timestamp":"2024-09-10T15:42:55.062Z"}
{"level":"info","message":"Top 15 Deposits of page 1 fetched","timestamp":"2024-09-10T15:43:10.205Z"}
{"level":"info","message":"Top 15 Deposits of page 1 fetched","timestamp":"2024-09-10T15:43:25.440Z"}
{"body":"{\"jsonrpc\":\"2.0\",\"id\":71,\"error\":{\"code\":-32603,\"message\":\"Internal data store error.\"}}","code":"SERVER_ERROR","error":{"code":-32603},"level":"error","message":"Error:  processing response error (body=\"{\\\"jsonrpc\\\":\\\"2.0\\\",\\\"id\\\":71,\\\"error\\\":{\\\"code\\\":-32603,\\\"message\\\":\\\"Internal data store error.\\\"}}\", error={\"code\":-32603}, requestBody=\"{\\\"method\\\":\\\"alchemy_getAssetTransfers\\\",\\\"params\\\":[{\\\"fromBlock\\\":\\\"0x0\\\",\\\"toBlock\\\":\\\"latest\\\",\\\"toAddress\\\":\\\"0x00000000219ab540356cBB839Cbe05303d7705Fa\\\",\\\"order\\\":\\\"desc\\\",\\\"withMetadata\\\":true,\\\"excludeZeroValue\\\":true,\\\"maxCount\\\":\\\"0x0f\\\",\\\"category\\\":[\\\"external\\\",\\\"internal\\\"]}],\\\"id\\\":71,\\\"jsonrpc\\\":\\\"2.0\\\"}\", requestMethod=\"POST\", url=\"https://eth-mainnet.g.alchemy.com/v2/YuNfPpy4MYxiHFYDc5XVnd5fphveaDfU\", code=SERVER_ERROR, version=web/5.7.1)","reason":"processing response error","requestBody":"{\"method\":\"alchemy_getAssetTransfers\",\"params\":[{\"fromBlock\":\"0x0\",\"toBlock\":\"latest\",\"toAddress\":\"0x00000000219ab540356cBB839Cbe05303d7705Fa\",\"order\":\"desc\",\"withMetadata\":true,\"excludeZeroValue\":true,\"maxCount\":\"0x0f\",\"category\":[\"external\",\"internal\"]}],\"id\":71,\"jsonrpc\":\"2.0\"}","requestMethod":"POST","stack":"Error: processing response error (body=\"{\\\"jsonrpc\\\":\\\"2.0\\\",\\\"id\\\":71,\\\"error\\\":{\\\"code\\\":-32603,\\\"message\\\":\\\"Internal data store error.\\\"}}\", error={\"code\":-32603}, requestBody=\"{\\\"method\\\":\\\"alchemy_getAssetTransfers\\\",\\\"params\\\":[{\\\"fromBlock\\\":\\\"0x0\\\",\\\"toBlock\\\":\\\"latest\\\",\\\"toAddress\\\":\\\"0x00000000219ab540356cBB839Cbe05303d7705Fa\\\",\\\"order\\\":\\\"desc\\\",\\\"withMetadata\\\":true,\\\"excludeZeroValue\\\":true,\\\"maxCount\\\":\\\"0x0f\\\",\\\"category\\\":[\\\"external\\\",\\\"internal\\\"]}],\\\"id\\\":71,\\\"jsonrpc\\\":\\\"2.0\\\"}\", requestMethod=\"POST\", url=\"https://eth-mainnet.g.alchemy.com/v2/YuNfPpy4MYxiHFYDc5XVnd5fphveaDfU\", code=SERVER_ERROR, version=web/5.7.1)\n    at Logger.makeError (C:\\Users\\walak\\Desktop\\Luganodes\\server\\node_modules\\@ethersproject\\logger\\lib\\index.js:238:21)\n    at Logger.throwError (C:\\Users\\walak\\Desktop\\Luganodes\\server\\node_modules\\@ethersproject\\logger\\lib\\index.js:247:20)\n    at C:\\Users\\walak\\Desktop\\Luganodes\\server\\node_modules\\@ethersproject\\web\\lib\\index.js:313:32\n    at step (C:\\Users\\walak\\Desktop\\Luganodes\\server\\node_modules\\@ethersproject\\web\\lib\\index.js:33:23)\n    at Object.next (C:\\Users\\walak\\Desktop\\Luganodes\\server\\node_modules\\@ethersproject\\web\\lib\\index.js:14:53)\n    at fulfilled (C:\\Users\\walak\\Desktop\\Luganodes\\server\\node_modules\\@ethersproject\\web\\lib\\index.js:5:58)\n    at process.processTicksAndRejections (node:internal/process/task_queues:95:5)","timestamp":"2024-09-10T15:43:39.619Z","url":"https://eth-mainnet.g.alchemy.com/v2/YuNfPpy4MYxiHFYDc5XVnd5fphveaDfU"}
{"level":"info","message":"Top 15 Deposits of page 1 fetched","timestamp":"2024-09-10T15:44:20.054Z"}
{"level":"info","message":"Top 15 Deposits of page 1 fetched","timestamp":"2024-09-10T15:44:34.745Z"}
{"level":"info","message":"Top 15 Deposits of page 1 fetched","timestamp":"2024-09-10T15:44:50.326Z"}
{"level":"info","message":"Top 15 Deposits of page 1 fetched","timestamp":"2024-09-10T15:45:05.030Z"}
{"level":"info","message":"Top 15 Deposits of page 1 fetched","timestamp":"2024-09-10T15:45:19.622Z"}
{"level":"info","message":"Top 15 Deposits of page 1 fetched","timestamp":"2024-09-10T15:45:34.619Z"}
{"level":"info","message":"Top 15 Deposits of page 1 fetched","timestamp":"2024-09-10T15:45:50.037Z"}
{"level":"info","message":"Top 15 Deposits of page 1 fetched","timestamp":"2024-09-10T15:46:05.013Z"}
{"level":"info","message":"Top 15 Deposits of page 1 fetched","timestamp":"2024-09-10T15:46:20.454Z"}
{"level":"info","message":"Top 15 Deposits of page 1 fetched","timestamp":"2024-09-10T15:46:35.094Z"}
{"level":"info","message":"Top 15 Deposits of page 1 fetched","timestamp":"2024-09-10T15:46:50.101Z"}
{"level":"info","message":"Top 15 Deposits of page 1 fetched","timestamp":"2024-09-10T15:47:04.691Z"}
{"level":"info","message":"Top 15 Deposits of page 1 fetched","timestamp":"2024-09-10T15:47:15.891Z"}
{"level":"info","message":"Top 15 Deposits of page 1 fetched","timestamp":"2024-09-10T15:47:19.537Z"}
{"level":"info","message":"Top 15 Deposits of page 1 fetched","timestamp":"2024-09-10T15:47:30.907Z"}
{"level":"info","message":"Top 15 Deposits of page 1 fetched","timestamp":"2024-09-10T15:47:34.560Z"}
{"level":"info","message":"Top 15 Deposits of page 1 fetched","timestamp":"2024-09-10T15:47:45.650Z"}
{"level":"info","message":"Top 15 Deposits of page 1 fetched","timestamp":"2024-09-10T15:47:49.767Z"}
{"level":"info","message":"Top 15 Deposits of page 1 fetched","timestamp":"2024-09-10T15:48:00.633Z"}
{"level":"info","message":"Top 15 Deposits of page 1 fetched","timestamp":"2024-09-10T15:48:04.606Z"}
{"level":"info","message":"Top 15 Deposits of page 1 fetched","timestamp":"2024-09-10T15:48:19.650Z"}
{"level":"info","message":"Top 15 Deposits of page 1 fetched","timestamp":"2024-09-10T15:48:20.092Z"}
{"level":"info","message":"Top 15 Deposits of page 1 fetched","timestamp":"2024-09-10T15:48:30.604Z"}
{"level":"info","message":"Top 15 Deposits of page 1 fetched","timestamp":"2024-09-10T15:48:34.610Z"}
{"level":"info","message":"Top 15 Deposits of page 1 fetched","timestamp":"2024-09-10T15:48:44.645Z"}
{"level":"info","message":"Top 15 Deposits of page 1 fetched","timestamp":"2024-09-10T15:48:45.966Z"}
{"level":"info","message":"Top 15 Deposits of page 1 fetched","timestamp":"2024-09-10T15:48:49.808Z"}
{"level":"info","message":"Top 15 Deposits of page 1 fetched","timestamp":"2024-09-10T15:48:59.139Z"}
{"level":"info","message":"Top 15 Deposits of page 1 fetched","timestamp":"2024-09-10T15:49:00.553Z"}
{"level":"info","message":"Top 15 Deposits of page 1 fetched","timestamp":"2024-09-10T15:49:04.604Z"}
{"level":"info","message":"Top 15 Deposits of page 1 fetched","timestamp":"2024-09-10T15:49:22.738Z"}
{"level":"info","message":"Top 15 Deposits of page 1 fetched","timestamp":"2024-09-10T15:49:40.343Z"}
{"level":"info","message":"Top 15 Deposits of page 1 fetched","timestamp":"2024-09-10T15:49:52.426Z"}
{"level":"info","message":"Top 15 Deposits of page 1 fetched","timestamp":"2024-09-10T15:50:07.278Z"}
{"level":"info","message":"Top 15 Deposits of page 1 fetched","timestamp":"2024-09-10T15:50:09.320Z"}
{"level":"info","message":"Top 15 Deposits of page 1 fetched","timestamp":"2024-09-10T15:50:23.388Z"}
{"level":"info","message":"Top 15 Deposits of page 1 fetched","timestamp":"2024-09-10T15:50:38.241Z"}
{"level":"info","message":"Top 15 Deposits of page 1 fetched","timestamp":"2024-09-10T15:50:47.300Z"}
{"level":"info","message":"Top 15 Deposits of page 1 fetched","timestamp":"2024-09-10T15:50:53.356Z"}
{"level":"info","message":"Top 15 Deposits of page 1 fetched","timestamp":"2024-09-10T15:51:08.103Z"}
{"level":"info","message":"Top 15 Deposits of page 1 fetched","timestamp":"2024-09-10T15:51:14.347Z"}
{"body":"{\"jsonrpc\":\"2.0\",\"id\":65,\"error\":{\"code\":-32604,\"message\":\"The query timed out. Either reduce your query filters or retry this query.\"}}","code":"SERVER_ERROR","error":{"code":-32604},"level":"error","message":"Error:  processing response error (body=\"{\\\"jsonrpc\\\":\\\"2.0\\\",\\\"id\\\":65,\\\"error\\\":{\\\"code\\\":-32604,\\\"message\\\":\\\"The query timed out. Either reduce your query filters or retry this query.\\\"}}\", error={\"code\":-32604}, requestBody=\"{\\\"method\\\":\\\"alchemy_getAssetTransfers\\\",\\\"params\\\":[{\\\"fromBlock\\\":\\\"0x0\\\",\\\"toBlock\\\":\\\"latest\\\",\\\"toAddress\\\":\\\"0x00000000219ab540356cBB839Cbe05303d7705Fa\\\",\\\"order\\\":\\\"desc\\\",\\\"withMetadata\\\":true,\\\"excludeZeroValue\\\":true,\\\"maxCount\\\":\\\"0x0f\\\",\\\"category\\\":[\\\"external\\\",\\\"internal\\\"]}],\\\"id\\\":65,\\\"jsonrpc\\\":\\\"2.0\\\"}\", requestMethod=\"POST\", url=\"https://eth-mainnet.g.alchemy.com/v2/YuNfPpy4MYxiHFYDc5XVnd5fphveaDfU\", code=SERVER_ERROR, version=web/5.7.1)","reason":"processing response error","requestBody":"{\"method\":\"alchemy_getAssetTransfers\",\"params\":[{\"fromBlock\":\"0x0\",\"toBlock\":\"latest\",\"toAddress\":\"0x00000000219ab540356cBB839Cbe05303d7705Fa\",\"order\":\"desc\",\"withMetadata\":true,\"excludeZeroValue\":true,\"maxCount\":\"0x0f\",\"category\":[\"external\",\"internal\"]}],\"id\":65,\"jsonrpc\":\"2.0\"}","requestMethod":"POST","stack":"Error: processing response error (body=\"{\\\"jsonrpc\\\":\\\"2.0\\\",\\\"id\\\":65,\\\"error\\\":{\\\"code\\\":-32604,\\\"message\\\":\\\"The query timed out. Either reduce your query filters or retry this query.\\\"}}\", error={\"code\":-32604}, requestBody=\"{\\\"method\\\":\\\"alchemy_getAssetTransfers\\\",\\\"params\\\":[{\\\"fromBlock\\\":\\\"0x0\\\",\\\"toBlock\\\":\\\"latest\\\",\\\"toAddress\\\":\\\"0x00000000219ab540356cBB839Cbe05303d7705Fa\\\",\\\"order\\\":\\\"desc\\\",\\\"withMetadata\\\":true,\\\"excludeZeroValue\\\":true,\\\"maxCount\\\":\\\"0x0f\\\",\\\"category\\\":[\\\"external\\\",\\\"internal\\\"]}],\\\"id\\\":65,\\\"jsonrpc\\\":\\\"2.0\\\"}\", requestMethod=\"POST\", url=\"https://eth-mainnet.g.alchemy.com/v2/YuNfPpy4MYxiHFYDc5XVnd5fphveaDfU\", code=SERVER_ERROR, version=web/5.7.1)\n    at Logger.makeError (C:\\Users\\walak\\Desktop\\Luganodes\\server\\node_modules\\@ethersproject\\logger\\lib\\index.js:238:21)\n    at Logger.throwError (C:\\Users\\walak\\Desktop\\Luganodes\\server\\node_modules\\@ethersproject\\logger\\lib\\index.js:247:20)\n    at C:\\Users\\walak\\Desktop\\Luganodes\\server\\node_modules\\@ethersproject\\web\\lib\\index.js:313:32\n    at step (C:\\Users\\walak\\Desktop\\Luganodes\\server\\node_modules\\@ethersproject\\web\\lib\\index.js:33:23)\n    at Object.next (C:\\Users\\walak\\Desktop\\Luganodes\\server\\node_modules\\@ethersproject\\web\\lib\\index.js:14:53)\n    at fulfilled (C:\\Users\\walak\\Desktop\\Luganodes\\server\\node_modules\\@ethersproject\\web\\lib\\index.js:5:58)\n    at process.processTicksAndRejections (node:internal/process/task_queues:95:5)","timestamp":"2024-09-10T15:51:16.509Z","url":"https://eth-mainnet.g.alchemy.com/v2/YuNfPpy4MYxiHFYDc5XVnd5fphveaDfU"}
{"level":"info","message":"Top 15 Deposits of page 1 fetched","timestamp":"2024-09-10T15:53:24.515Z"}
